<?xml version="1.0" encoding="UTF-8"?>
<testng-results ignored="0" total="3" passed="3" failed="0" skipped="0">
  <reporter-output>
  </reporter-output>
  <suite started-at="2023-04-30T06:53:01Z" name="Suite" finished-at="2023-04-30T06:56:14Z" duration-ms="192967">
    <groups>
    </groups>
    <test started-at="2023-04-30T06:53:01Z" name="Test" finished-at="2023-04-30T06:56:14Z" duration-ms="192967">
      <class name="testcases.LoginTest">
        <test-method is-config="true" signature="ReportSetup()[pri:0, instance:testcases.LoginTest@1fb19a0]" started-at="2023-04-30T06:53:01Z" name="ReportSetup" finished-at="2023-04-30T06:53:26Z" duration-ms="24567" status="PASS">
          <reporter-output>
          </reporter-output>
        </test-method> <!-- ReportSetup -->
        <test-method is-config="true" signature="SetUp()[pri:0, instance:testcases.LoginTest@1fb19a0]" started-at="2023-04-30T06:53:26Z" name="SetUp" finished-at="2023-04-30T06:53:48Z" duration-ms="21863" status="PASS">
          <reporter-output>
          </reporter-output>
        </test-method> <!-- SetUp -->
        <test-method signature="test1()[pri:0, instance:testcases.LoginTest@1fb19a0]" started-at="2023-04-30T06:53:48Z" name="test1" finished-at="2023-04-30T06:54:34Z" duration-ms="46644" status="PASS">
          <reporter-output>
          </reporter-output>
        </test-method> <!-- test1 -->
        <test-method is-config="true" signature="TearDown()[pri:0, instance:testcases.LoginTest@1fb19a0]" started-at="2023-04-30T06:54:34Z" name="TearDown" finished-at="2023-04-30T06:54:36Z" duration-ms="1508" status="PASS">
          <reporter-output>
          </reporter-output>
        </test-method> <!-- TearDown -->
        <test-method is-config="true" signature="SetUp()[pri:0, instance:testcases.LoginTest@1fb19a0]" started-at="2023-04-30T06:54:36Z" name="SetUp" finished-at="2023-04-30T06:54:46Z" duration-ms="9938" status="PASS">
          <reporter-output>
          </reporter-output>
        </test-method> <!-- SetUp -->
        <test-method signature="test2()[pri:0, instance:testcases.LoginTest@1fb19a0]" started-at="2023-04-30T06:54:46Z" name="test2" finished-at="2023-04-30T06:55:09Z" duration-ms="23221" status="PASS">
          <reporter-output>
          </reporter-output>
        </test-method> <!-- test2 -->
        <test-method is-config="true" signature="TearDown()[pri:0, instance:testcases.LoginTest@1fb19a0]" started-at="2023-04-30T06:55:09Z" name="TearDown" finished-at="2023-04-30T06:55:11Z" duration-ms="1635" status="PASS">
          <reporter-output>
          </reporter-output>
        </test-method> <!-- TearDown -->
        <test-method is-config="true" signature="SetUp()[pri:0, instance:testcases.LoginTest@1fb19a0]" started-at="2023-04-30T06:55:11Z" name="SetUp" finished-at="2023-04-30T06:55:23Z" duration-ms="12226" status="PASS">
          <reporter-output>
          </reporter-output>
        </test-method> <!-- SetUp -->
        <test-method signature="test4()[pri:0, instance:testcases.LoginTest@1fb19a0]" started-at="2023-04-30T06:55:23Z" name="test4" finished-at="2023-04-30T06:56:10Z" duration-ms="47317" status="PASS">
          <reporter-output>
          </reporter-output>
        </test-method> <!-- test4 -->
        <test-method is-config="true" signature="TearDown()[pri:0, instance:testcases.LoginTest@1fb19a0]" started-at="2023-04-30T06:56:10Z" name="TearDown" finished-at="2023-04-30T06:56:12Z" duration-ms="2015" status="PASS">
          <reporter-output>
          </reporter-output>
        </test-method> <!-- TearDown -->
        <test-method is-config="true" signature="ReportClean()[pri:0, instance:testcases.LoginTest@1fb19a0]" started-at="2023-04-30T06:56:12Z" name="ReportClean" finished-at="2023-04-30T06:56:14Z" duration-ms="1923" status="PASS">
          <reporter-output>
          </reporter-output>
        </test-method> <!-- ReportClean -->
      </class> <!-- testcases.LoginTest -->
    </test> <!-- Test -->
  </suite> <!-- Suite -->
</testng-results>
